# Logfile created on Mon Nov 15 13:30:26 -0500 2010 by logger.rb/22285
REQUESTING PAGE: GET http://www.example.com/ with {} and HTTP headers {}
REQUESTING PAGE: GET http://www.example.com/ with {} and HTTP headers {}
REQUESTING PAGE: GET http://www.example.com/ with {} and HTTP headers {}
REQUESTING PAGE: GET http://www.example.com/ with {} and HTTP headers {}
REQUESTING PAGE: GET http://www.example.com/ with {} and HTTP headers {}
REQUESTING PAGE: GET http://www.example.com/ with {} and HTTP headers {}
REQUESTING PAGE: GET http://www.example.com/ with {} and HTTP headers {}
REQUESTING PAGE: GET http://www.example.com/ with {} and HTTP headers {}
REQUESTING PAGE: GET http://www.example.com/ with {} and HTTP headers {}
REQUESTING PAGE: GET http://www.example.com/ with {} and HTTP headers {}
REQUESTING PAGE: GET http://www.example.com/ with {} and HTTP headers {}
REQUESTING PAGE: GET http://www.example.com/ with {} and HTTP headers {}
REQUESTING PAGE: GET http://www.example.com/ with {} and HTTP headers {}
REQUESTING PAGE: GET http://www.example.com/ with {} and HTTP headers {}
REQUESTING PAGE: GET http://www.example.com/ with {} and HTTP headers {}
REQUESTING PAGE: GET http://www.example.com/ with {} and HTTP headers {}
REQUESTING PAGE: GET http://www.example.com/ with {} and HTTP headers {}
REQUESTING PAGE: GET http://www.example.com/ with {} and HTTP headers {}
REQUESTING PAGE: GET http://www.example.com/ with {} and HTTP headers {}
REQUESTING PAGE: GET http://www.example.com/ with {} and HTTP headers {}
REQUESTING PAGE: GET http://www.example.com/ with {} and HTTP headers {}
REQUESTING PAGE: GET http://www.example.com/ with {} and HTTP headers {}
REQUESTING PAGE: GET http://www.example.com/ with {} and HTTP headers {}
REQUESTING PAGE: GET http://www.example.com/ with {} and HTTP headers {}
REQUESTING PAGE: GET /users/sign_up with {} and HTTP headers {"HTTP_REFERER"=>"http://www.example.com/"}
REQUESTING PAGE: GET http://www.example.com/ with {} and HTTP headers {}
REQUESTING PAGE: GET http://www.example.com/ with {} and HTTP headers {}
REQUESTING PAGE: GET /users/sign_up with {} and HTTP headers {"HTTP_REFERER"=>"http://www.example.com/"}
REQUESTING PAGE: GET http://www.example.com/ with {} and HTTP headers {}
REQUESTING PAGE: GET http://www.example.com/ with {} and HTTP headers {}
REQUESTING PAGE: GET /users/sign_up with {} and HTTP headers {"HTTP_REFERER"=>"http://www.example.com/"}
REQUESTING PAGE: GET http://www.example.com/ with {} and HTTP headers {}
REQUESTING PAGE: GET http://www.example.com/ with {} and HTTP headers {}
REQUESTING PAGE: GET /users/sign_up with {} and HTTP headers {"HTTP_REFERER"=>"http://www.example.com/"}
REQUESTING PAGE: GET http://www.example.com/ with {} and HTTP headers {}
REQUESTING PAGE: GET http://www.example.com/ with {} and HTTP headers {}
REQUESTING PAGE: GET /users/sign_up with {} and HTTP headers {"HTTP_REFERER"=>"http://www.example.com/"}
REQUESTING PAGE: GET http://www.example.com/ with {} and HTTP headers {}
REQUESTING PAGE: GET http://www.example.com/ with {} and HTTP headers {}
REQUESTING PAGE: GET /users/sign_up with {} and HTTP headers {"HTTP_REFERER"=>"http://www.example.com/"}
REQUESTING PAGE: GET http://www.example.com/ with {} and HTTP headers {}
REQUESTING PAGE: GET http://www.example.com/ with {} and HTTP headers {}
REQUESTING PAGE: GET /users/sign_up with {} and HTTP headers {"HTTP_REFERER"=>"http://www.example.com/"}
REQUESTING PAGE: GET http://www.example.com/ with {} and HTTP headers {}
REQUESTING PAGE: GET http://www.example.com/ with {} and HTTP headers {}
REQUESTING PAGE: GET /users/sign_up with {} and HTTP headers {"HTTP_REFERER"=>"http://www.example.com/"}
REQUESTING PAGE: GET http://www.example.com/ with {} and HTTP headers {}
REQUESTING PAGE: GET http://www.example.com/ with {} and HTTP headers {}
REQUESTING PAGE: GET /users/sign_up with {} and HTTP headers {"HTTP_REFERER"=>"http://www.example.com/"}
REQUESTING PAGE: GET http://www.example.com/ with {} and HTTP headers {}
REQUESTING PAGE: GET http://www.example.com/users/sign_up with {} and HTTP headers {}
REQUESTING PAGE: POST /users with {"commit"=>"Sign up", "utf8"=>"✓", "user"=>{"password_confirmation"=>"", "password"=>"", "email"=>""}} and HTTP headers {"HTTP_REFERER"=>"http://www.example.com/users/sign_up"}
REQUESTING PAGE: GET http://www.example.com/ with {} and HTTP headers {}
REQUESTING PAGE: GET /users/sign_up with {} and HTTP headers {"HTTP_REFERER"=>"http://www.example.com/"}
REQUESTING PAGE: GET http://www.example.com/users/sign_up with {} and HTTP headers {}
REQUESTING PAGE: POST /users with {"commit"=>"Sign up", "utf8"=>"✓", "user"=>{"password_confirmation"=>"", "password"=>"", "email"=>""}} and HTTP headers {"HTTP_REFERER"=>"http://www.example.com/users/sign_up"}
REQUESTING PAGE: GET http://www.example.com/ with {} and HTTP headers {}
REQUESTING PAGE: GET /users/sign_up with {} and HTTP headers {"HTTP_REFERER"=>"http://www.example.com/"}
REQUESTING PAGE: GET http://www.example.com/users/sign_up with {} and HTTP headers {}
REQUESTING PAGE: POST /users with {"commit"=>"Sign up", "utf8"=>"✓", "user"=>{"password_confirmation"=>"password", "password"=>"password", "email"=>"a@a.com"}} and HTTP headers {"HTTP_REFERER"=>"http://www.example.com/users/sign_up"}
REQUESTING PAGE: GET http://www.example.com/ with {} and HTTP headers {}
REQUESTING PAGE: GET /users/sign_up with {} and HTTP headers {"HTTP_REFERER"=>"http://www.example.com/"}
REQUESTING PAGE: GET http://www.example.com/users/sign_up with {} and HTTP headers {}
REQUESTING PAGE: POST /users with {"commit"=>"Sign up", "utf8"=>"✓", "user"=>{"password_confirmation"=>"password", "password"=>"password", "email"=>"a@a.com"}} and HTTP headers {"HTTP_REFERER"=>"http://www.example.com/users/sign_up"}
REQUESTING PAGE: GET http://www.example.com/ with {} and HTTP headers {}
REQUESTING PAGE: GET /users/sign_up with {} and HTTP headers {"HTTP_REFERER"=>"http://www.example.com/"}
REQUESTING PAGE: GET /users/confirmation?confirmation_token=fake-token with {} and HTTP headers {}
REQUESTING PAGE: GET http://www.example.com/users/sign_up with {} and HTTP headers {}
REQUESTING PAGE: POST /users with {"commit"=>"Sign up", "utf8"=>"✓", "user"=>{"password_confirmation"=>"password", "password"=>"password", "email"=>"a@a.com"}} and HTTP headers {"HTTP_REFERER"=>"http://www.example.com/users/sign_up"}
REQUESTING PAGE: GET http://www.example.com/ with {} and HTTP headers {}
REQUESTING PAGE: GET /users/sign_up with {} and HTTP headers {"HTTP_REFERER"=>"http://www.example.com/"}
REQUESTING PAGE: GET /users/confirmation?confirmation_token=fake-token with {} and HTTP headers {}
REQUESTING PAGE: GET http://www.example.com/users/sign_up with {} and HTTP headers {}
REQUESTING PAGE: POST /users with {"commit"=>"Sign up", "utf8"=>"✓", "user"=>{"password_confirmation"=>"password", "password"=>"password", "email"=>"a@a.com"}} and HTTP headers {"HTTP_REFERER"=>"http://www.example.com/users/sign_up"}
REQUESTING PAGE: GET http://www.example.com/ with {} and HTTP headers {}
REQUESTING PAGE: GET /users/sign_up with {} and HTTP headers {"HTTP_REFERER"=>"http://www.example.com/"}
REQUESTING PAGE: GET /users/confirmation?confirmation_token=fake-token with {} and HTTP headers {}
REQUESTING PAGE: GET http://www.example.com/users/sign_up with {} and HTTP headers {}
REQUESTING PAGE: POST /users with {"commit"=>"Sign up", "utf8"=>"✓", "user"=>{"password_confirmation"=>"password", "password"=>"password", "email"=>"a@a.com"}} and HTTP headers {"HTTP_REFERER"=>"http://www.example.com/users/sign_up"}
REQUESTING PAGE: GET http://www.example.com/ with {} and HTTP headers {}
REQUESTING PAGE: GET /users/sign_up with {} and HTTP headers {"HTTP_REFERER"=>"http://www.example.com/"}
REQUESTING PAGE: GET /users/confirmation?confirmation_token=fake-token with {} and HTTP headers {}
REQUESTING PAGE: GET http://www.example.com/users/sign_up with {} and HTTP headers {}
REQUESTING PAGE: POST /users with {"commit"=>"Sign up", "utf8"=>"✓", "user"=>{"password_confirmation"=>"password", "password"=>"password", "email"=>"a@a.com"}} and HTTP headers {"HTTP_REFERER"=>"http://www.example.com/users/sign_up"}
REQUESTING PAGE: GET http://www.example.com/ with {} and HTTP headers {}
REQUESTING PAGE: GET /users/sign_up with {} and HTTP headers {"HTTP_REFERER"=>"http://www.example.com/"}
REQUESTING PAGE: GET /users/confirmation?confirmation_token=fake-token with {} and HTTP headers {}
REQUESTING PAGE: GET http://www.example.com/users/sign_up with {} and HTTP headers {}
REQUESTING PAGE: POST /users with {"commit"=>"Sign up", "utf8"=>"✓", "user"=>{"password_confirmation"=>"password", "password"=>"password", "email"=>"a@a.com"}} and HTTP headers {"HTTP_REFERER"=>"http://www.example.com/users/sign_up"}
REQUESTING PAGE: GET http://www.example.com/ with {} and HTTP headers {}
REQUESTING PAGE: GET /users/sign_up with {} and HTTP headers {"HTTP_REFERER"=>"http://www.example.com/"}
REQUESTING PAGE: GET /users/confirmation?confirmation_token=fake-token with {} and HTTP headers {}
REQUESTING PAGE: GET http://www.example.com/users/sign_up with {} and HTTP headers {}
REQUESTING PAGE: POST /users with {"commit"=>"Sign up", "utf8"=>"✓", "user"=>{"password_confirmation"=>"password", "password"=>"password", "email"=>"a@a.com"}} and HTTP headers {"HTTP_REFERER"=>"http://www.example.com/users/sign_up"}
REQUESTING PAGE: GET http://www.example.com/ with {} and HTTP headers {}
REQUESTING PAGE: GET /users/sign_up with {} and HTTP headers {"HTTP_REFERER"=>"http://www.example.com/"}
REQUESTING PAGE: GET /users/confirmation?confirmation_token=fake-token with {} and HTTP headers {}
REQUESTING PAGE: GET http://www.example.com/users/sign_up with {} and HTTP headers {}
REQUESTING PAGE: POST /users with {"commit"=>"Sign up", "utf8"=>"✓", "user"=>{"password_confirmation"=>"password", "password"=>"password", "email"=>"a@a.com"}} and HTTP headers {"HTTP_REFERER"=>"http://www.example.com/users/sign_up"}
REQUESTING PAGE: GET http://www.example.com/ with {} and HTTP headers {}
REQUESTING PAGE: GET /users/sign_up with {} and HTTP headers {"HTTP_REFERER"=>"http://www.example.com/"}
REQUESTING PAGE: GET /users/confirmation?confirmation_token=fake-token with {} and HTTP headers {}
REQUESTING PAGE: GET http://www.example.com/users/sign_up with {} and HTTP headers {}
REQUESTING PAGE: POST /users with {"commit"=>"Sign up", "utf8"=>"✓", "user"=>{"password_confirmation"=>"password", "password"=>"password", "email"=>"a@a.com"}} and HTTP headers {"HTTP_REFERER"=>"http://www.example.com/users/sign_up"}
REQUESTING PAGE: GET http://www.example.com/ with {} and HTTP headers {}
REQUESTING PAGE: GET /users/sign_up with {} and HTTP headers {"HTTP_REFERER"=>"http://www.example.com/"}
REQUESTING PAGE: GET /users/confirmation?confirmation_token=fake-token with {} and HTTP headers {}
REQUESTING PAGE: GET http://www.example.com/users/sign_up with {} and HTTP headers {}
REQUESTING PAGE: POST /users with {"commit"=>"Sign up", "utf8"=>"✓", "user"=>{"password_confirmation"=>"password", "password"=>"password", "email"=>"a@a.com"}} and HTTP headers {"HTTP_REFERER"=>"http://www.example.com/users/sign_up"}
REQUESTING PAGE: GET http://www.example.com/ with {} and HTTP headers {}
REQUESTING PAGE: GET /users/sign_up with {} and HTTP headers {"HTTP_REFERER"=>"http://www.example.com/"}
REQUESTING PAGE: GET /users/confirmation?confirmation_token=fake-token with {} and HTTP headers {}
REQUESTING PAGE: GET http://www.example.com/users/sign_up with {} and HTTP headers {}
REQUESTING PAGE: POST /users with {"commit"=>"Sign up", "utf8"=>"✓", "user"=>{"password_confirmation"=>"password", "password"=>"password", "email"=>"a@a.com"}} and HTTP headers {"HTTP_REFERER"=>"http://www.example.com/users/sign_up"}
REQUESTING PAGE: GET http://www.example.com/ with {} and HTTP headers {}
REQUESTING PAGE: GET /users/sign_up with {} and HTTP headers {"HTTP_REFERER"=>"http://www.example.com/"}
REQUESTING PAGE: GET /users/confirmation?confirmation_token=fake-token with {} and HTTP headers {}
REQUESTING PAGE: GET http://www.example.com/users/sign_up with {} and HTTP headers {}
REQUESTING PAGE: POST /users with {"commit"=>"Sign up", "utf8"=>"✓", "user"=>{"password_confirmation"=>"password", "password"=>"password", "email"=>"a@a.com"}} and HTTP headers {"HTTP_REFERER"=>"http://www.example.com/users/sign_up"}
REQUESTING PAGE: GET http://www.example.com/ with {} and HTTP headers {}
REQUESTING PAGE: GET /users/sign_up with {} and HTTP headers {"HTTP_REFERER"=>"http://www.example.com/"}
REQUESTING PAGE: GET /users/confirmation?confirmation_token=fake-token with {} and HTTP headers {}
REQUESTING PAGE: GET http://www.example.com/users/sign_up with {} and HTTP headers {}
REQUESTING PAGE: POST /users with {"commit"=>"Sign up", "utf8"=>"✓", "user"=>{"password_confirmation"=>"password", "password"=>"password", "email"=>"a@a.com"}} and HTTP headers {"HTTP_REFERER"=>"http://www.example.com/users/sign_up"}
REQUESTING PAGE: GET http://www.example.com/ with {} and HTTP headers {}
REQUESTING PAGE: GET /users/sign_up with {} and HTTP headers {"HTTP_REFERER"=>"http://www.example.com/"}
REQUESTING PAGE: GET /users/confirmation?confirmation_token=fake-token with {} and HTTP headers {}
